#
# There is insufficient memory for the Java Runtime Environment to continue.
# Native memory allocation (mmap) failed to map 333447168 bytes for Failed to commit area from 0x00000006c2000000 to 0x00000006d5e00000 of length 333447168.
# Possible reasons:
#   The system is out of physical RAM or swap space
#   The process is running with CompressedOops enabled, and the Java Heap may be blocking the growth of the native heap
# Possible solutions:
#   Reduce memory load on the system
#   Increase physical memory or swap space
#   Check if swap backing store is full
#   Decrease Java heap size (-Xmx/-Xms)
#   Decrease number of Java threads
#   Decrease Java thread stack sizes (-Xss)
#   Set larger code cache with -XX:ReservedCodeCacheSize=
# This output file may be truncated or incomplete.
#
#  Out of Memory Error (t:/workspace/open/src/hotspot/os/windows/os_windows.cpp:3269), pid=8776, tid=10348
#
# JRE version:  (11.0+28) (build )
# Java VM: OpenJDK 64-Bit Server VM (11+28, mixed mode, aot, sharing, tiered, compressed oops, g1 gc, windows-amd64)
# No core dump will be written. Minidumps are not enabled by default on client versions of Windows
#

---------------  S U M M A R Y ------------

Command Line: -XX:TieredStopAtLevel=1 -Xverify:none -Dspring.output.ansi.enabled=always -javaagent:C:\Program Files\JetBrains\IntelliJ IDEA 2021.3\lib\idea_rt.jar=59101:C:\Program Files\JetBrains\IntelliJ IDEA 2021.3\bin -Dcom.sun.management.jmxremote -Dspring.jmx.enabled=true -Dspring.liveBeansView.mbeanDomain -Dspring.application.admin.enabled=true -Dfile.encoding=UTF-8 com.vladislavgoncharov.overlaywebappforstreams.OverlayWebAppForStreamsApplication

Host: Intel(R) Core(TM) i5-7300HQ CPU @ 2.50GHz, 4 cores, 19G,  Windows 10 , 64 bit Build 19041 (10.0.19041.1889)
Time: Thu Aug 25 19:37:23 2022 RTZ 2 (зима) elapsed time: 0 seconds (0d 0h 0m 0s)

---------------  T H R E A D  ---------------

Current thread (0x00000180b2a23800):  JavaThread "Unknown thread" [_thread_in_vm, id=10348, stack(0x0000006981500000,0x0000006981600000)]

Stack: [0x0000006981500000,0x0000006981600000]
Native frames: (J=compiled Java code, j=interpreted, Vv=VM code, C=native code)
V  [jvm.dll+0x63adaa]
V  [jvm.dll+0x77852f]
V  [jvm.dll+0x779b18]
V  [jvm.dll+0x77a1d3]
V  [jvm.dll+0x2624c8]
V  [jvm.dll+0x63825a]
V  [jvm.dll+0x62cb15]
V  [jvm.dll+0x31563c]
V  [jvm.dll+0x3154c2]
V  [jvm.dll+0x31ad36]
V  [jvm.dll+0x36726f]
V  [jvm.dll+0x366c90]
V  [jvm.dll+0x2f2378]
V  [jvm.dll+0x2f34d6]
V  [jvm.dll+0x7517d7]
V  [jvm.dll+0x752f1f]
V  [jvm.dll+0x374099]
V  [jvm.dll+0x738059]
V  [jvm.dll+0x3e35fd]
V  [jvm.dll+0x3e5961]
C  [java.exe+0x3603]
C  [java.exe+0x1746c]
C  [KERNEL32.DLL+0x17034]
C  [ntdll.dll+0x52651]


---------------  P R O C E S S  ---------------

Threads class SMR info:
_java_thread_list=0x00000180b09899e0, length=0, elements={
}

Java Threads: ( => current thread )

Other Threads:
  0x00000180b2a39800 GCTaskThread "GC Thread#0" [stack: 0x0000006981600000,0x0000006981700000] [id=14012]
  0x00000180b2aaa000 ConcurrentGCThread "G1 Main Marker" [stack: 0x0000006981700000,0x0000006981800000] [id=2936]
  0x00000180b2aad800 ConcurrentGCThread "G1 Conc#0" [stack: 0x0000006981800000,0x0000006981900000] [id=13508]

[error occurred during error reporting (printing all threads), id 0xc0000005, EXCEPTION_ACCESS_VIOLATION (0xc0000005) at pc=0x00007ffd0f2d0d37]

VM state:not at safepoint (not fully initialized)

VM Mutex/Monitor currently owned by a thread:  ([mutex/lock_event])
[0x00000180b2a22430] Heap_lock - owner thread: 0x00000180b2a23800

Heap address: 0x00000006c2000000, size: 5088 MB, Compressed Oops mode: Non-zero based: 0x00000006c2000000
Narrow klass base: 0x0000000000000000, Narrow klass shift: 0

GC Heap History (0 events):
No events

Deoptimization events (0 events):
No events

Classes redefined (0 events):
No events

Internal exceptions (0 events):
No events

Events (0 events):
No events


Dynamic libraries:
0x00007ff7f44f0000 - 0x00007ff7f4535000 	C:\Users\Dell\IdeaProjects\jdk-11\bin\java.exe
0x00007ffdbc570000 - 0x00007ffdbc768000 	C:\WINDOWS\SYSTEM32\ntdll.dll
0x00007ffdbae90000 - 0x00007ffdbaf4d000 	C:\WINDOWS\System32\KERNEL32.DLL
0x00007ffdb9f50000 - 0x00007ffdba21e000 	C:\WINDOWS\System32\KERNELBASE.dll
0x00007ffdbb380000 - 0x00007ffdbb520000 	C:\WINDOWS\System32\USER32.dll
0x00007ffdb9c90000 - 0x00007ffdb9cb2000 	C:\WINDOWS\System32\win32u.dll
0x00007ffdba5d0000 - 0x00007ffdba5fa000 	C:\WINDOWS\System32\GDI32.dll
0x00007ffdba380000 - 0x00007ffdba48b000 	C:\WINDOWS\System32\gdi32full.dll
0x00007ffdb9eb0000 - 0x00007ffdb9f4d000 	C:\WINDOWS\System32\msvcp_win.dll
0x00007ffdb9cf0000 - 0x00007ffdb9df0000 	C:\WINDOWS\System32\ucrtbase.dll
0x00007ffda62e0000 - 0x00007ffda657a000 	C:\WINDOWS\WinSxS\amd64_microsoft.windows.common-controls_6595b64144ccf1df_6.0.19041.1110_none_60b5254171f9507e\COMCTL32.dll
0x00007ffdba7b0000 - 0x00007ffdba84e000 	C:\WINDOWS\System32\msvcrt.dll
0x00007ffdbb1f0000 - 0x00007ffdbb220000 	C:\WINDOWS\System32\IMM32.DLL
0x00007ffdb2ab0000 - 0x00007ffdb2ac6000 	C:\Users\Dell\IdeaProjects\jdk-11\bin\vcruntime140.dll
0x00007ffd85220000 - 0x00007ffd852ca000 	C:\Users\Dell\IdeaProjects\jdk-11\bin\msvcp140.dll
0x00007ffd0efd0000 - 0x00007ffd0fb11000 	C:\Users\Dell\IdeaProjects\jdk-11\bin\server\jvm.dll
0x00007ffdbb220000 - 0x00007ffdbb2ce000 	C:\WINDOWS\System32\ADVAPI32.dll
0x00007ffdbafd0000 - 0x00007ffdbb06c000 	C:\WINDOWS\System32\sechost.dll
0x00007ffdba660000 - 0x00007ffdba785000 	C:\WINDOWS\System32\RPCRT4.dll
0x00007ffdbaa10000 - 0x00007ffdbaa18000 	C:\WINDOWS\System32\PSAPI.DLL
0x00007ffda8600000 - 0x00007ffda8609000 	C:\WINDOWS\SYSTEM32\WSOCK32.dll
0x00007ffdbb520000 - 0x00007ffdbb58b000 	C:\WINDOWS\System32\WS2_32.dll
0x00007ffda6d50000 - 0x00007ffda6d77000 	C:\WINDOWS\SYSTEM32\WINMM.dll
0x00007ffdb1060000 - 0x00007ffdb106a000 	C:\WINDOWS\SYSTEM32\VERSION.dll
0x00007ffdb8530000 - 0x00007ffdb8542000 	C:\WINDOWS\SYSTEM32\kernel.appcore.dll
0x00007ffd9ff90000 - 0x00007ffd9ffa1000 	C:\Users\Dell\IdeaProjects\jdk-11\bin\verify.dll
0x00007ffdb7a40000 - 0x00007ffdb7c24000 	C:\WINDOWS\SYSTEM32\DBGHELP.DLL
0x00007ffda1a60000 - 0x00007ffda1a8c000 	C:\WINDOWS\SYSTEM32\dbgcore.DLL
0x00007ffdba540000 - 0x00007ffdba5c2000 	C:\WINDOWS\System32\bcryptPrimitives.dll
0x00007ffd95760000 - 0x00007ffd95788000 	C:\Users\Dell\IdeaProjects\jdk-11\bin\java.dll
0x00007ffd95500000 - 0x00007ffd9552f000 	C:\Users\Dell\IdeaProjects\jdk-11\bin\instrument.dll
0x00007ffd966a0000 - 0x00007ffd966b6000 	C:\Users\Dell\IdeaProjects\jdk-11\bin\zip.dll
0x00007ffdb29d0000 - 0x00007ffdb29da000 	C:\Users\Dell\IdeaProjects\jdk-11\bin\jimage.dll

dbghelp: loaded successfully - version: 4.0.5 - missing functions: none
symbol engine: initialized successfully - sym options: 0x614 - pdb path: .;C:\Users\Dell\IdeaProjects\jdk-11\bin;C:\WINDOWS\SYSTEM32;C:\WINDOWS\WinSxS\amd64_microsoft.windows.common-controls_6595b64144ccf1df_6.0.19041.1110_none_60b5254171f9507e;C:\Users\Dell\IdeaProjects\jdk-11\bin\server

VM Arguments:
jvm_args: -XX:TieredStopAtLevel=1 -Xverify:none -Dspring.output.ansi.enabled=always -javaagent:C:\Program Files\JetBrains\IntelliJ IDEA 2021.3\lib\idea_rt.jar=59101:C:\Program Files\JetBrains\IntelliJ IDEA 2021.3\bin -Dcom.sun.management.jmxremote -Dspring.jmx.enabled=true -Dspring.liveBeansView.mbeanDomain -Dspring.application.admin.enabled=true -Dfile.encoding=UTF-8 
java_command: com.vladislavgoncharov.overlaywebappforstreams.OverlayWebAppForStreamsApplication
java_class_path (initial): C:\Users\Dell\IdeaProjects\overlayWebAppForStreams\target\classes;C:\Users\Dell\.m2\repository\org\springframework\boot\spring-boot-starter-data-jpa\2.6.7\spring-boot-starter-data-jpa-2.6.7.jar;C:\Users\Dell\.m2\repository\org\springframework\boot\spring-boot-starter-aop\2.6.7\spring-boot-starter-aop-2.6.7.jar;C:\Users\Dell\.m2\repository\org\aspectj\aspectjweaver\1.9.7\aspectjweaver-1.9.7.jar;C:\Users\Dell\.m2\repository\jakarta\transaction\jakarta.transaction-api\1.3.3\jakarta.transaction-api-1.3.3.jar;C:\Users\Dell\.m2\repository\jakarta\persistence\jakarta.persistence-api\2.2.3\jakarta.persistence-api-2.2.3.jar;C:\Users\Dell\.m2\repository\org\hibernate\hibernate-core\5.6.8.Final\hibernate-core-5.6.8.Final.jar;C:\Users\Dell\.m2\repository\org\jboss\logging\jboss-logging\3.4.3.Final\jboss-logging-3.4.3.Final.jar;C:\Users\Dell\.m2\repository\net\bytebuddy\byte-buddy\1.11.22\byte-buddy-1.11.22.jar;C:\Users\Dell\.m2\repository\antlr\antlr\2.7.7\antlr-2.7.7.jar;C:\Users\Dell\.m2\repository\org\jboss\jandex\2.4.2.Final\jandex-2.4.2.Final.jar;C:\Users\Dell\.m2\repository\com\fasterxml\classmate\1.5.1\classmate-1.5.1.jar;C:\Users\Dell\.m2\repository\org\hibernate\common\hibernate-commons-annotations\5.1.2.Final\hibernate-commons-annotations-5.1.2.Final.jar;C:\Users\Dell\.m2\repository\org\glassfish\jaxb\jaxb-runtime\2.3.6\jaxb-runtime-2.3.6.jar;C:\Users\Dell\.m2\repository\org\glassfish\jaxb\txw2\2.3.6\txw2-2.3.6.jar;C:\Users\Dell\.m2\repository\com\sun\istack\istack-commons-runtime\3.0.12\istack-commons-runtime-3.0.12.jar;C:\Users\Dell\.m2\repository\com\sun\activation\jakarta.activation\1.2.2\jakarta.activation-1.2.2.jar;C:\Users\Dell\.m2\repository\org\springframework\data\spring-data-jpa\2.6.4\spring-data-jpa-2.6.4.jar;C:\Users\Dell\.m2\repository\org\springframework\data\spring-data-commons\2.6.4\spring-data-commons-2.6.4.jar;C:\Users\Dell\.m2\repository\org\springframework\spring-orm\5.3.19\spring-orm-5.3.19.jar;C:\Users\Dell\.m2\repos
Launcher Type: SUN_STANDARD

[Global flags]
     bool BytecodeVerificationLocal                = false                                     {product} {command line}
     bool BytecodeVerificationRemote               = false                                     {product} {command line}
     intx CICompilerCount                          = 3                                         {product} {ergonomic}
     uint ConcGCThreads                            = 1                                         {product} {ergonomic}
     uint G1ConcRefinementThreads                  = 4                                         {product} {ergonomic}
   size_t G1HeapRegionSize                         = 1048576                                   {product} {ergonomic}
    uintx GCDrainStackTargetSize                   = 64                                        {product} {ergonomic}
   size_t InitialHeapSize                          = 333447168                                 {product} {ergonomic}
     bool ManagementServer                         = true                                      {product} {command line}
   size_t MarkStackSize                            = 4194304                                   {product} {ergonomic}
   size_t MaxHeapSize                              = 5335154688                                {product} {ergonomic}
   size_t MinHeapDeltaBytes                        = 1048576                                   {product} {ergonomic}
    uintx NonNMethodCodeHeapSize                   = 6973028                                {pd product} {ergonomic}
    uintx NonProfiledCodeHeapSize                  = 244685212                              {pd product} {ergonomic}
    uintx ProfiledCodeHeapSize                     = 0                                      {pd product} {ergonomic}
    uintx ReservedCodeCacheSize                    = 251658240                              {pd product} {ergonomic}
     bool SegmentedCodeCache                       = true                                      {product} {ergonomic}
     intx TieredStopAtLevel                        = 1                                         {product} {command line}
     bool UseCompressedClassPointers               = true                                 {lp64_product} {ergonomic}
     bool UseCompressedOops                        = true                                 {lp64_product} {ergonomic}
     bool UseG1GC                                  = true                                      {product} {ergonomic}
     bool UseLargePagesIndividualAllocation        = false                                  {pd product} {ergonomic}

Logging:
Log output configuration:
 #0: stdout all=warning uptime,level,tags
 #1: stderr all=off uptime,level,tags

Environment Variables:
JAVA_HOME=C:\Program Files\Java\jdk-17.0.1
PATH=C:\Program Files\Common Files\Oracle\Java\javapath;C:\Program Files (x86)\Common Files\Intel\Shared Libraries\redist\intel64\compiler;C:\WINDOWS\system32;C:\WINDOWS;C:\WINDOWS\System32\Wbem;C:\WINDOWS\System32\WindowsPowerShell\v1.0\;C:\WINDOWS\System32\OpenSSH\;C:\Program Files\Java\jdk-17.0.1\bin;C:\Program Files\Git\cmd;C:\Program Files\PuTTY\;C:\Program Files\Docker\Docker\resources\bin;C:\ProgramData\DockerDesktop\version-bin;C:\Users\Dell\scoop\shims;C:\Program Files\MySQL\MySQL Shell 8.0\bin\;C:\Users\Dell\AppData\Local\Microsoft\WindowsApps;C:\Users\Dell\dos2unix-7.4.2-win64\bin;
USERNAME=Dell
OS=Windows_NT
PROCESSOR_IDENTIFIER=Intel64 Family 6 Model 158 Stepping 9, GenuineIntel



---------------  S Y S T E M  ---------------

OS: Windows 10 , 64 bit Build 19041 (10.0.19041.1889)

CPU:total 4 (initial active 4) (4 cores per cpu, 1 threads per core) family 6 model 158 stepping 9, cmov, cx8, fxsr, mmx, sse, sse2, sse3, ssse3, sse4.1, sse4.2, popcnt, avx, avx2, aes, clmul, erms, 3dnowpref, lzcnt, tsc, tscinvbit, bmi1, bmi2, adx, fma

Memory: 4k page, system-wide physical 20346M (9439M free)
TotalPageFile size 21116M (AvailPageFile size 189M)
current process WorkingSet (physical memory assigned to process): 10M, peak: 10M
current process commit charge ("private bytes"): 49M, peak: 367M

vm_info: OpenJDK 64-Bit Server VM (11+28) for windows-amd64 JRE (11+28), built on Aug 23 2018 03:04:58 by "mach5one" with MS VC++ 15.5 (VS2017)

END.
